<?xml version="1.0" encoding="UTF-8"?>
<!-- Generated by org.testng.reporters.JUnitXMLReporter -->
<testsuite hostname="DESKTOP-TKK5GPG" name="Default test" tests="2" failures="2" timestamp="30 Dec 2021 00:01:16 GMT" time="69.236" errors="0">
  <testcase name="runScenario" time="32.275" classname="zoho.runner.MyRunner">
    <failure type="java.lang.AssertionError" message="The following asserts failed:
	Object not found leads_xpath">
      <![CDATA[java.lang.AssertionError: The following asserts failed:
	Object not found leads_xpath
	at org.testng.asserts.SoftAssert.assertAll(SoftAssert.java:43)
	at zoho.managers.WebDriverManager.quit(WebDriverManager.java:238)
	at zoho.managers.WebDriverManager.reportFailure(WebDriverManager.java:204)
	at zoho.managers.WebDriverManager.findElement(WebDriverManager.java:132)
	at zoho.managers.WebDriverManager.click(WebDriverManager.java:108)
	at zoho.pages.TopMenuComponent.load(TopMenuComponent.java:15)
	at zoho.teststeps.TopMenu.verifyLeadsPage(TopMenu.java:23)
	at ✽.I click on 'Leads' in top menu(file:///C:/workspace/ZohoCucumberNew/src/test/resources/zoho/leads.feature:26)
]]>
    </failure>
  </testcase> <!-- runScenario -->
  <testcase name="runScenario" time="35.103" classname="zoho.runner.MyRunner">
    <failure type="java.lang.AssertionError" message="The following asserts failed:
	Object not found leads_xpath">
      <![CDATA[java.lang.AssertionError: The following asserts failed:
	Object not found leads_xpath
	at org.testng.asserts.SoftAssert.assertAll(SoftAssert.java:43)
	at zoho.managers.WebDriverManager.quit(WebDriverManager.java:238)
	at zoho.managers.WebDriverManager.reportFailure(WebDriverManager.java:204)
	at zoho.managers.WebDriverManager.findElement(WebDriverManager.java:132)
	at zoho.managers.WebDriverManager.click(WebDriverManager.java:108)
	at zoho.pages.TopMenuComponent.load(TopMenuComponent.java:15)
	at zoho.teststeps.TopMenu.verifyLeadsPage(TopMenu.java:23)
	at ✽.I click on 'Leads' in top menu(file:///C:/workspace/ZohoCucumberNew/src/test/resources/zoho/leads.feature:26)
]]>
    </failure>
  </testcase> <!-- runScenario -->
</testsuite> <!-- Default test -->
