<html>
<head>
<title>TestNG:  Default test</title>
<link href="../testng.css" rel="stylesheet" type="text/css" />
<link href="../my-testng.css" rel="stylesheet" type="text/css" />

<style type="text/css">
.log { display: none;} 
.stack-trace { display: none;} 
</style>
<script type="text/javascript">
<!--
function flip(e) {
  current = e.style.display;
  if (current == 'block') {
    e.style.display = 'none';
    return 0;
  }
  else {
    e.style.display = 'block';
    return 1;
  }
}

function toggleBox(szDivId, elem, msg1, msg2)
{
  var res = -1;  if (document.getElementById) {
    res = flip(document.getElementById(szDivId));
  }
  else if (document.all) {
    // this is the way old msie versions work
    res = flip(document.all[szDivId]);
  }
  if(elem) {
    if(res == 0) elem.innerHTML = msg1; else elem.innerHTML = msg2;
  }

}

function toggleAllBoxes() {
  if (document.getElementsByTagName) {
    d = document.getElementsByTagName('div');
    for (i = 0; i < d.length; i++) {
      if (d[i].className == 'log') {
        flip(d[i]);
      }
    }
  }
}

// -->
</script>

</head>
<body>
<h2 align='center'>Default test</h2><table border='1' align="center">
<tr>
<td>Tests passed/Failed/Skipped:</td><td>0/2/0</td>
</tr><tr>
<td>Started on:</td><td>Wed Dec 29 19:00:06 EST 2021</td>
</tr>
<tr><td>Total time:</td><td>69 seconds (69236 ms)</td>
</tr><tr>
<td>Included groups:</td><td></td>
</tr><tr>
<td>Excluded groups:</td><td></td>
</tr>
</table><p/>
<small><i>(Hover the method name to see the test class name)</i></small><p/>
<table width='100%' border='1' class='invocation-failed'>
<tr><td colspan='4' align='center'><b>FAILED TESTS</b></td></tr>
<tr><td><b>Test method</b></td>
<td width="30%"><b>Exception</b></td>
<td width="10%"><b>Time (seconds)</b></td>
<td><b>Instance</b></td>
</tr>
<tr>
<td title='zoho.runner.MyRunner.runScenario()'><b>runScenario</b><br>Test class: zoho.runner.MyRunner<br>Test method: Runs Cucumber Scenarios<br>Parameters: "Creation of a lead", "Optional[Managing leads]"</td>
<td><div><pre>java.lang.AssertionError: The following asserts failed:
	Object not found leads_xpath
	at org.testng.asserts.SoftAssert.assertAll(SoftAssert.java:43)
	at zoho.managers.WebDriverManager.quit(WebDriverManager.java:238)
	at zoho.managers.WebDriverManager.reportFailure(WebDriverManager.java:204)
	at zoho.managers.WebDriverManager.findElement(WebDriverManager.java:132)
	at zoho.managers.WebDriverManager.click(WebDriverManager.java:108)
	at zoho.pages.TopMenuComponent.load(TopMenuComponent.java:15)
	at zoho.teststeps.TopMenu.verifyLeadsPage(TopMenu.java:23)
	at ?.I click on &apos;Leads&apos; in top menu(file:///C:/workspace/ZohoCucumberNew/src/test/resources/zoho/leads.feature:26)
</pre></div><a href='#' onClick='toggleBox("stack-trace429269396", this, "Click to show all stack frames", "Click to hide stack frames")'>Click to show all stack frames</a>
<div class='stack-trace' id='stack-trace429269396'><pre>java.lang.AssertionError: The following asserts failed:
	Object not found leads_xpath
	at org.testng.asserts.SoftAssert.assertAll(SoftAssert.java:43)
	at zoho.managers.WebDriverManager.quit(WebDriverManager.java:238)
	at zoho.managers.WebDriverManager.reportFailure(WebDriverManager.java:204)
	at zoho.managers.WebDriverManager.findElement(WebDriverManager.java:132)
	at zoho.managers.WebDriverManager.click(WebDriverManager.java:108)
	at zoho.pages.TopMenuComponent.load(TopMenuComponent.java:15)
	at zoho.teststeps.TopMenu.verifyLeadsPage(TopMenu.java:23)
	at ?.I click on &apos;Leads&apos; in top menu(file:///C:/workspace/ZohoCucumberNew/src/test/resources/zoho/leads.feature:26)
</pre></div></td>
<td>32</td>
<td>zoho.runner.MyRunner@185d8b6</td></tr>
<tr>
<td title='zoho.runner.MyRunner.runScenario()'><b>runScenario</b><br>Test class: zoho.runner.MyRunner<br>Test method: Runs Cucumber Scenarios<br>Parameters: "Deletion of the lead", "Optional[Managing leads]"</td>
<td><div><pre>java.lang.AssertionError: The following asserts failed:
	Object not found leads_xpath
	at org.testng.asserts.SoftAssert.assertAll(SoftAssert.java:43)
	at zoho.managers.WebDriverManager.quit(WebDriverManager.java:238)
	at zoho.managers.WebDriverManager.reportFailure(WebDriverManager.java:204)
	at zoho.managers.WebDriverManager.findElement(WebDriverManager.java:132)
	at zoho.managers.WebDriverManager.click(WebDriverManager.java:108)
	at zoho.pages.TopMenuComponent.load(TopMenuComponent.java:15)
	at zoho.teststeps.TopMenu.verifyLeadsPage(TopMenu.java:23)
	at ?.I click on &apos;Leads&apos; in top menu(file:///C:/workspace/ZohoCucumberNew/src/test/resources/zoho/leads.feature:26)
</pre></div><a href='#' onClick='toggleBox("stack-trace261216862", this, "Click to show all stack frames", "Click to hide stack frames")'>Click to show all stack frames</a>
<div class='stack-trace' id='stack-trace261216862'><pre>java.lang.AssertionError: The following asserts failed:
	Object not found leads_xpath
	at org.testng.asserts.SoftAssert.assertAll(SoftAssert.java:43)
	at zoho.managers.WebDriverManager.quit(WebDriverManager.java:238)
	at zoho.managers.WebDriverManager.reportFailure(WebDriverManager.java:204)
	at zoho.managers.WebDriverManager.findElement(WebDriverManager.java:132)
	at zoho.managers.WebDriverManager.click(WebDriverManager.java:108)
	at zoho.pages.TopMenuComponent.load(TopMenuComponent.java:15)
	at zoho.teststeps.TopMenu.verifyLeadsPage(TopMenu.java:23)
	at ?.I click on &apos;Leads&apos; in top menu(file:///C:/workspace/ZohoCucumberNew/src/test/resources/zoho/leads.feature:26)
</pre></div></td>
<td>35</td>
<td>zoho.runner.MyRunner@185d8b6</td></tr>
</table><p>
</body>
</html>